********************************************************************************
DUPLICATOR-LITE PACKAGE-LOG: 25 June 2018 11 h 47 min
NOTICE: Do NOT post to public sites or forums 
********************************************************************************
VERSION:	1.2.40
WORDPRESS:	4.9.6
PHP INFO:	7.1.17-0ubuntu0.17.10.1 | SAPI: apache2handler
SERVER:		Apache/2.4.27 (Ubuntu) 
PHP TIME LIMIT: (0) no time limit imposed 
PHP MAX MEMORY: 2048M (128M default) 
MEMORY STACK: 2MB 

********************************************************************************
DATABASE:
********************************************************************************
BUILD MODE:   MYSQLDUMP
MYSQLTIMEOUT: 5000
MYSQLDUMP:    Is Supported 
FILTERED: [] 
RESPONSE: mysqldump: [Warning] Using a password on the command line interface can be insecure.
 
TABLES: total:26 | filtered:0 | create:26 
SQL CREATED: 20180625_lecalculmental_6e91967fb7a8b3427515180625114622_database.sql 
SQL FILE SIZE: 651.6KB (667239) 
SQL FILE TIME: 2018-06-25 11:47:36 
SQL RUNTIME: 0.15 sec. 

******************************************************************************** 
ARCHIVE (ZIP): 
******************************************************************************** 
ARCHIVE DIR:  /var/www/AFORMAC2017/ABACUS/lecalculmentalv2 
ARCHIVE FILE: 20180625_lecalculmental_6e91967fb7a8b3427515180625114622_archive.zip 
FILTERS: *ON* 
DIRS:
	not set 
FILES:
	/var/www/AFORMAC2017/ABACUS/lecalculmentalv2/wp-content/uploads/2018/06/boulier-commenté-150x150.jpg
	/var/www/AFORMAC2017/ABACUS/lecalculmentalv2/wp-content/uploads/2018/06/boulier-commenté-230x230.jpg
	/var/www/AFORMAC2017/ABACUS/lecalculmentalv2/wp-content/uploads/2018/06/boulier-commenté-270x270.jpg
	/var/www/AFORMAC2017/ABACUS/lecalculmentalv2/wp-content/uploads/2018/06/boulier-commenté-300x159.jpg
	/var/www/AFORMAC2017/ABACUS/lecalculmentalv2/wp-content/uploads/2018/06/boulier-commenté-642x300.jpg
	/var/www/AFORMAC2017/ABACUS/lecalculmentalv2/wp-content/uploads/2018/06/boulier-commenté.jpg 
EXTS:  not set 
---------------------------------------- 
COMPRESSING 
SIZE:	108.14MB 
STATS:	Dirs 416 | Files 3,901 
SQL ADDED: 20180625_lecalculmental_6e91967fb7a8b3427515180625114622_database.sql 
ZipArchive Object
(
    [status] => 0
    [statusSys] => 0
    [numFiles] => 4317
    [filename] => /var/www/AFORMAC2017/ABACUS/lecalculmentalv2/wp-snapshots/tmp/20180625_lecalculmental_6e91967fb7a8b3427515180625114622_archive.zip
    [comment] => 
)
 
COMPRESSION RESULT: '1' 
COMPRESSED SIZE: 57.23MB 
ARCHIVE RUNTIME: 6.90 sec. 
MEMORY STACK: 4MB 

******************************************************************************** 
MAKE INSTALLER: 
******************************************************************************** 
Build Start 
Build Finished 
Preping for use 
PACK SIZE:  
Template parsed with new data 
Complete [/var/www/AFORMAC2017/ABACUS/lecalculmentalv2/wp-snapshots/tmp/20180625_lecalculmental_6e91967fb7a8b3427515180625114622_installer.php] 
Added to archive 

******************************************************************************** 
INTEGRITY CHECKS: 
******************************************************************************** 
SQL File: 651.6KB 
Installer File: 445.98KB 
Archive File: 57.23MB  

********************************************************************************
RECORD ID:[1]
TOTAL PROCESS RUNTIME: 7.29 sec.
PEAK PHP MEMORY USED: 6MB
DONE PROCESSING => 20180625_lecalculmental 25 June 2018 11 h 47 min
 
